<?xml version="1.0" encoding="UTF-8"?>
<testng-results ignored="0" total="1" passed="1" failed="0" skipped="0">
  <reporter-output>
  </reporter-output>
  <suite started-at="2022-11-18T07:26:33Z" name="Default Suite" finished-at="2022-11-18T07:26:43Z" duration-ms="10065">
    <groups>
    </groups>
    <test started-at="2022-11-18T07:26:33Z" name="automation" finished-at="2022-11-18T07:26:43Z" duration-ms="10065">
      <class name="Login_Test">
        <test-method is-config="true" signature="setup()[pri:0, instance:Login_Test@4c39bec8]" started-at="2022-11-18T07:26:33Z" name="setup" finished-at="2022-11-18T07:26:38Z" duration-ms="5710" status="PASS">
          <reporter-output>
          </reporter-output>
        </test-method> <!-- setup -->
        <test-method signature="Login_successfully()[pri:0, instance:Login_Test@4c39bec8]" started-at="2022-11-18T07:26:38Z" name="Login_successfully" finished-at="2022-11-18T07:26:43Z" duration-ms="4134" status="PASS">
          <reporter-output>
          </reporter-output>
        </test-method> <!-- Login_successfully -->
        <test-method is-config="true" signature="tearDown()[pri:0, instance:Login_Test@4c39bec8]" started-at="2022-11-18T07:26:43Z" name="tearDown" finished-at="2022-11-18T07:26:43Z" duration-ms="199" status="PASS">
          <reporter-output>
          </reporter-output>
        </test-method> <!-- tearDown -->
      </class> <!-- Login_Test -->
    </test> <!-- automation -->
  </suite> <!-- Default Suite -->
</testng-results>
